<?xml version="1.0" encoding="UTF-8"?>
<testsuite xmlns:xsi="http://www.w3.org/2001/XMLSchema-instance" xsi:noNamespaceSchemaLocation="https://maven.apache.org/surefire/maven-surefire-plugin/xsd/surefire-test-report.xsd" version="3.0.2" name="com.java.core.TickerBookingPlatformApplicationTests" time="1.301" tests="1" errors="0" skipped="0" failures="0" flakes="0">
  <properties>
[...]
</properties>
  <testcase name="contextLoads" classname="com.java.core.TickerBookingPlatformApplicationTests" time="0.427">
    <system-out><![CDATA[22:03:07.463 [main] INFO org.springframework.test.context.support.AnnotationConfigContextLoaderUtils -- Could not detect default configuration classes for test class [com.java.core.TickerBookingPlatformApplicationTests]: TickerBookingPlatformApplicationTests does not declare any static, non-private, non-final, nested classes annotated with @Configuration.
22:03:07.522 [main] INFO org.springframework.boot.test.context.SpringBootTestContextBootstrapper -- Found @SpringBootConfiguration com.java.core.TickerBookingPlatformApplication for test class com.java.core.TickerBookingPlatformApplicationTests

  .   ____          _            __ _ _
 /\\ / ___'_ __ _ _(_)_ __  __ _ \ \ \ \
( ( )\___ | '_ | '_| | '_ \/ _` | \ \ \ \
 \\/  ___)| |_)| | | | | || (_| |  ) ) ) )
  '  |____| .__|_| |_|_| |_\__, | / / / /
 =========|_|==============|___/=/_/_/_/

 :: Spring Boot ::      (v3.5.14-SNAPSHOT)

2026-04-16T22:03:07.747+05:30  INFO 66911 --- [ticket-booking-platform] [           main] .c.TickerBookingPlatformApplicationTests : Starting TickerBookingPlatformApplicationTests using Java 23.0.2 with PID 66911 (started by rajashekharteertha in /Users/rajashekharteertha/Development/core-java-repository)
2026-04-16T22:03:07.747+05:30  INFO 66911 --- [ticket-booking-platform] [           main] .c.TickerBookingPlatformApplicationTests : No active profile set, falling back to 1 default profile: "default"
2026-04-16T22:03:08.248+05:30  INFO 66911 --- [ticket-booking-platform] [           main] .c.TickerBookingPlatformApplicationTests : Started TickerBookingPlatformApplicationTests in 0.657 seconds (process running for 1.126)
]]></system-out>
    <system-err><![CDATA[Mockito is currently self-attaching to enable the inline-mock-maker. This will no longer work in future releases of the JDK. Please add Mockito as an agent to your build as described in Mockito's documentation: https://javadoc.io/doc/org.mockito/mockito-core/latest/org.mockito/org/mockito/Mockito.html#0.3
WARNING: A Java agent has been loaded dynamically (/Users/rajashekharteertha/.m2/repository/net/bytebuddy/byte-buddy-agent/1.17.8/byte-buddy-agent-1.17.8.jar)
WARNING: If a serviceability tool is in use, please run with -XX:+EnableDynamicAgentLoading to hide this warning
WARNING: If a serviceability tool is not in use, please run with -Djdk.instrument.traceUsage for more information
WARNING: Dynamic loading of agents will be disallowed by default in a future release
]]></system-err>
  </testcase>
</testsuite>